<?xml version="1.0" encoding="UTF-8"?>
<!-- Generated by org.testng.reporters.JUnitXMLReporter -->
<testsuite ignored="4" hostname="DESKTOP-POD63J8" failures="0" tests="21" name="Test2" time="0.429" errors="0" timestamp="2020-12-08T18:09:12 IST">
  <testcase classname="testBase.TestBase" name="@BeforeMethod LaunchApplication" time="0.048">
    <failure type="java.net.MalformedURLException">
      <![CDATA[java.net.MalformedURLException
at java.base/java.net.URL.<init>(URL.java:679)
at java.base/java.net.URL.<init>(URL.java:541)
at java.base/java.net.URL.<init>(URL.java:488)
at testBase.BrowserFactory.createBrowserInstance(BrowserFactory.java:43)
at testBase.TestBase.LaunchApplication(TestBase.java:28)
at java.base/java.util.concurrent.ThreadPoolExecutor.runWorker(ThreadPoolExecutor.java:1128)
at java.base/java.util.concurrent.ThreadPoolExecutor$Worker.run(ThreadPoolExecutor.java:628)
at java.base/java.lang.Thread.run(Thread.java:834)
Caused by: java.lang.NullPointerException
... Removed 16 stack frames]]>
    </failure>
  </testcase> <!-- @BeforeMethod LaunchApplication -->
  <testcase classname="testBase.TestBase" name="@BeforeMethod LaunchApplication" time="0.083">
    <failure type="java.net.MalformedURLException">
      <![CDATA[java.net.MalformedURLException
at java.base/java.net.URL.<init>(URL.java:679)
at java.base/java.net.URL.<init>(URL.java:541)
at java.base/java.net.URL.<init>(URL.java:488)
at testBase.BrowserFactory.createBrowserInstance(BrowserFactory.java:43)
at testBase.TestBase.LaunchApplication(TestBase.java:28)
at java.base/java.util.concurrent.ThreadPoolExecutor.runWorker(ThreadPoolExecutor.java:1128)
at java.base/java.util.concurrent.ThreadPoolExecutor$Worker.run(ThreadPoolExecutor.java:628)
at java.base/java.lang.Thread.run(Thread.java:834)
Caused by: java.lang.NullPointerException
... Removed 16 stack frames]]>
    </failure>
  </testcase> <!-- @BeforeMethod LaunchApplication -->
  <testcase classname="testBase.TestBase" name="@AfterMethod tearDown" time="-1.607431151683E9">
    <skipped/>
  </testcase> <!-- @AfterMethod tearDown -->
  <testcase classname="testBase.TestBase" name="@AfterMethod tearDown" time="-1.607431151698E9">
    <skipped/>
  </testcase> <!-- @AfterMethod tearDown -->
  <testcase classname="testBase.TestBase" name="@BeforeMethod LaunchApplication" time="-1.607431151701E9">
    <skipped/>
  </testcase> <!-- @BeforeMethod LaunchApplication -->
  <testcase classname="testBase.TestBase" name="@BeforeMethod LaunchApplication" time="-1.607431151702E9">
    <skipped/>
  </testcase> <!-- @BeforeMethod LaunchApplication -->
  <testcase classname="testBase.TestBase" name="@BeforeMethod LaunchApplication" time="0.15">
    <failure type="java.net.MalformedURLException">
      <![CDATA[java.net.MalformedURLException
at java.base/java.net.URL.<init>(URL.java:679)
at java.base/java.net.URL.<init>(URL.java:541)
at java.base/java.net.URL.<init>(URL.java:488)
at testBase.BrowserFactory.createBrowserInstance(BrowserFactory.java:43)
at testBase.TestBase.LaunchApplication(TestBase.java:28)
at java.base/java.util.concurrent.ThreadPoolExecutor.runWorker(ThreadPoolExecutor.java:1128)
at java.base/java.util.concurrent.ThreadPoolExecutor$Worker.run(ThreadPoolExecutor.java:628)
at java.base/java.lang.Thread.run(Thread.java:834)
Caused by: java.lang.NullPointerException
... Removed 16 stack frames]]>
    </failure>
  </testcase> <!-- @BeforeMethod LaunchApplication -->
  <testcase classname="testBase.TestBase" name="@BeforeMethod LaunchApplication" time="0.215">
    <failure type="java.net.MalformedURLException">
      <![CDATA[java.net.MalformedURLException
at java.base/java.net.URL.<init>(URL.java:679)
at java.base/java.net.URL.<init>(URL.java:541)
at java.base/java.net.URL.<init>(URL.java:488)
at testBase.BrowserFactory.createBrowserInstance(BrowserFactory.java:43)
at testBase.TestBase.LaunchApplication(TestBase.java:28)
at java.base/java.util.concurrent.ThreadPoolExecutor.runWorker(ThreadPoolExecutor.java:1128)
at java.base/java.util.concurrent.ThreadPoolExecutor$Worker.run(ThreadPoolExecutor.java:628)
at java.base/java.lang.Thread.run(Thread.java:834)
Caused by: java.lang.NullPointerException
... Removed 16 stack frames]]>
    </failure>
  </testcase> <!-- @BeforeMethod LaunchApplication -->
  <testcase classname="testBase.TestBase" name="@AfterMethod tearDown" time="-1.607431151813E9">
    <skipped/>
  </testcase> <!-- @AfterMethod tearDown -->
  <testcase classname="testBase.TestBase" name="@BeforeMethod LaunchApplication" time="-1.607431151831E9">
    <skipped/>
  </testcase> <!-- @BeforeMethod LaunchApplication -->
  <testcase classname="testBase.TestBase" name="@AfterMethod tearDown" time="-1.607431151837E9">
    <skipped/>
  </testcase> <!-- @AfterMethod tearDown -->
  <testcase classname="testBase.TestBase" name="@BeforeMethod LaunchApplication" time="-1.60743115184E9">
    <skipped/>
  </testcase> <!-- @BeforeMethod LaunchApplication -->
  <testcase classname="testBase.TestBase" name="@BeforeMethod LaunchApplication" time="0.261">
    <failure type="java.net.MalformedURLException">
      <![CDATA[java.net.MalformedURLException
at java.base/java.net.URL.<init>(URL.java:679)
at java.base/java.net.URL.<init>(URL.java:541)
at java.base/java.net.URL.<init>(URL.java:488)
at testBase.BrowserFactory.createBrowserInstance(BrowserFactory.java:43)
at testBase.TestBase.LaunchApplication(TestBase.java:28)
at java.base/java.util.concurrent.ThreadPoolExecutor.runWorker(ThreadPoolExecutor.java:1128)
at java.base/java.util.concurrent.ThreadPoolExecutor$Worker.run(ThreadPoolExecutor.java:628)
at java.base/java.lang.Thread.run(Thread.java:834)
Caused by: java.lang.NullPointerException
... Removed 16 stack frames]]>
    </failure>
  </testcase> <!-- @BeforeMethod LaunchApplication -->
  <testcase classname="testBase.TestBase" name="@AfterMethod tearDown" time="-1.607431151861E9">
    <skipped/>
  </testcase> <!-- @AfterMethod tearDown -->
  <testcase classname="testBase.TestBase" name="@AfterMethod tearDown" time="-1.60743115186E9">
    <skipped/>
  </testcase> <!-- @AfterMethod tearDown -->
  <testcase classname="testBase.TestBase" name="@AfterMethod tearDown" time="-1.607431151863E9">
    <skipped/>
  </testcase> <!-- @AfterMethod tearDown -->
  <testcase classname="testBase.TestBase" name="@AfterMethod tearDown" time="-1.607431151865E9">
    <skipped/>
  </testcase> <!-- @AfterMethod tearDown -->
  <testcase classname="testBase.TestBase" name="@BeforeMethod LaunchApplication" time="-1.607431151866E9">
    <skipped/>
  </testcase> <!-- @BeforeMethod LaunchApplication -->
  <testcase classname="testBase.TestBase" name="@BeforeMethod LaunchApplication" time="-1.607431151867E9">
    <skipped/>
  </testcase> <!-- @BeforeMethod LaunchApplication -->
  <testcase classname="testBase.TestBase" name="@AfterMethod tearDown" time="-1.60743115187E9">
    <skipped/>
  </testcase> <!-- @AfterMethod tearDown -->
  <testcase classname="testBase.TestBase" name="@BeforeMethod LaunchApplication" time="-1.607431151875E9">
    <skipped/>
  </testcase> <!-- @BeforeMethod LaunchApplication -->
  <testcase classname="testBase.TestBase" name="@AfterMethod tearDown" time="-1.607431151883E9">
    <skipped/>
  </testcase> <!-- @AfterMethod tearDown -->
  <testcase classname="testBase.TestBase" name="@BeforeMethod LaunchApplication" time="-1.607431151885E9">
    <skipped/>
  </testcase> <!-- @BeforeMethod LaunchApplication -->
  <testcase classname="testBase.TestBase" name="@AfterMethod tearDown" time="-1.607431151891E9">
    <skipped/>
  </testcase> <!-- @AfterMethod tearDown -->
  <testcase classname="testBase.TestBase" name="@BeforeMethod LaunchApplication" time="-1.607431151893E9">
    <skipped/>
  </testcase> <!-- @BeforeMethod LaunchApplication -->
  <testcase classname="testBase.TestBase" name="@AfterMethod tearDown" time="-1.607431151895E9">
    <skipped/>
  </testcase> <!-- @AfterMethod tearDown -->
  <testcase classname="testBase.TestBase" name="@BeforeMethod LaunchApplication" time="-1.60743115189E9">
    <skipped/>
  </testcase> <!-- @BeforeMethod LaunchApplication -->
  <testcase classname="testBase.TestBase" name="@BeforeMethod LaunchApplication" time="-1.607431151899E9">
    <skipped/>
  </testcase> <!-- @BeforeMethod LaunchApplication -->
  <testcase classname="testBase.TestBase" name="@BeforeMethod LaunchApplication" time="-1.607431151922E9">
    <skipped/>
  </testcase> <!-- @BeforeMethod LaunchApplication -->
  <testcase classname="testBase.TestBase" name="@AfterMethod tearDown" time="-1.607431151926E9">
    <skipped/>
  </testcase> <!-- @AfterMethod tearDown -->
  <testcase classname="testBase.TestBase" name="@BeforeMethod LaunchApplication" time="-1.607431151929E9">
    <skipped/>
  </testcase> <!-- @BeforeMethod LaunchApplication -->
  <testcase classname="testBase.TestBase" name="@AfterMethod tearDown" time="-1.607431151935E9">
    <skipped/>
  </testcase> <!-- @AfterMethod tearDown -->
  <testcase classname="testBase.TestBase" name="@BeforeMethod LaunchApplication" time="-1.607431151939E9">
    <skipped/>
  </testcase> <!-- @BeforeMethod LaunchApplication -->
  <testcase classname="testBase.TestBase" name="@AfterMethod tearDown" time="-1.607431151949E9">
    <skipped/>
  </testcase> <!-- @AfterMethod tearDown -->
  <testcase classname="testBase.TestBase" name="@AfterMethod tearDown" time="-1.607431151952E9">
    <skipped/>
  </testcase> <!-- @AfterMethod tearDown -->
  <testcase classname="testBase.TestBase" name="@AfterMethod tearDown" time="-1.607431151952E9">
    <skipped/>
  </testcase> <!-- @AfterMethod tearDown -->
  <testcase classname="testBase.TestBase" name="@BeforeMethod LaunchApplication" time="-1.607431151954E9">
    <skipped/>
  </testcase> <!-- @BeforeMethod LaunchApplication -->
  <testcase classname="testBase.TestBase" name="@AfterMethod tearDown" time="-1.607431151961E9">
    <skipped/>
  </testcase> <!-- @AfterMethod tearDown -->
  <testcase classname="testBase.TestBase" name="@BeforeMethod LaunchApplication" time="-1.607431151963E9">
    <skipped/>
  </testcase> <!-- @BeforeMethod LaunchApplication -->
  <testcase classname="testBase.TestBase" name="@AfterMethod tearDown" time="-1.607431151968E9">
    <skipped/>
  </testcase> <!-- @AfterMethod tearDown -->
  <testcase classname="testBase.TestBase" name="@AfterMethod tearDown" time="-1.607431151973E9">
    <skipped/>
  </testcase> <!-- @AfterMethod tearDown -->
  <testcase classname="testBase.TestBase" name="@AfterMethod tearDown" time="-1.607431151991E9">
    <skipped/>
  </testcase> <!-- @AfterMethod tearDown -->
  <testcase classname="Tests.AirbnbTests1" name="test13" time="0.0">
    <skipped/>
  </testcase> <!-- test13 -->
  <testcase classname="Tests.AirbnbTests1" name="test1" time="0.0">
    <skipped/>
  </testcase> <!-- test1 -->
  <testcase classname="Tests.AirbnbTests1" name="test11" time="0.0">
    <skipped/>
  </testcase> <!-- test11 -->
  <testcase classname="Tests.AirbnbTests1" name="test17" time="0.0">
    <skipped/>
  </testcase> <!-- test17 -->
  <testcase classname="Tests.AirbnbTests1" name="test10" time="0.0">
    <skipped/>
  </testcase> <!-- test10 -->
  <testcase classname="Tests.AirbnbTests1" name="test18" time="0.0">
    <skipped/>
  </testcase> <!-- test18 -->
  <testcase classname="Tests.AirbnbTests1" name="test16" time="0.0">
    <skipped/>
  </testcase> <!-- test16 -->
  <testcase classname="Tests.AirbnbTests1" name="test14" time="0.0">
    <skipped/>
  </testcase> <!-- test14 -->
  <testcase classname="Tests.AirbnbTests1" name="test15" time="0.0">
    <skipped/>
  </testcase> <!-- test15 -->
  <testcase classname="Tests.AirbnbTests1" name="test20" time="0.0">
    <skipped/>
  </testcase> <!-- test20 -->
  <testcase classname="Tests.AirbnbTests1" name="test2" time="0.0">
    <skipped/>
  </testcase> <!-- test2 -->
  <testcase classname="Tests.AirbnbTests1" name="test23" time="0.0">
    <skipped/>
  </testcase> <!-- test23 -->
  <testcase classname="Tests.AirbnbTests1" name="test22" time="0.0">
    <skipped/>
  </testcase> <!-- test22 -->
  <testcase classname="Tests.AirbnbTests1" name="test4" time="0.0">
    <skipped/>
  </testcase> <!-- test4 -->
  <testcase classname="Tests.AirbnbTests1" name="test24" time="0.0">
    <skipped/>
  </testcase> <!-- test24 -->
  <testcase classname="Tests.AirbnbTests1" name="test19" time="0.0">
    <skipped/>
  </testcase> <!-- test19 -->
  <testcase classname="Tests.AirbnbTests1" name="test5" time="0.0">
    <skipped/>
  </testcase> <!-- test5 -->
  <testcase classname="Tests.AirbnbTests1" name="test25" time="0.0">
    <skipped/>
  </testcase> <!-- test25 -->
  <testcase classname="Tests.AirbnbTests1" name="test21" time="0.0">
    <skipped/>
  </testcase> <!-- test21 -->
  <testcase classname="Tests.AirbnbTests1" name="test7" time="0.0">
    <skipped/>
  </testcase> <!-- test7 -->
  <testcase classname="Tests.AirbnbTests1" name="test8" time="0.0">
    <skipped/>
  </testcase> <!-- test8 -->
  <testcase classname="Tests.AirbnbTests1" name="test3" time="0.0">
    <ignored/>
  </testcase> <!-- test3 -->
  <testcase classname="Tests.AirbnbTests1" name="test9" time="0.0">
    <ignored/>
  </testcase> <!-- test9 -->
  <testcase classname="Tests.AirbnbTests1" name="test12" time="0.0">
    <ignored/>
  </testcase> <!-- test12 -->
  <testcase classname="Tests.AirbnbTests1" name="test6" time="0.0">
    <ignored/>
  </testcase> <!-- test6 -->
</testsuite> <!-- Test2 -->
