<?xml version="1.0" encoding="UTF-8"?>
<!-- Generated by org.testng.reporters.JUnitXMLReporter -->
<testsuite ignored="4" hostname="DESKTOP-POD63J8" failures="0" tests="21" name="Test1" time="1.323" errors="0" timestamp="2020-12-08T18:09:11 IST">
  <testcase classname="Tests.AirbnbTests1" name="test14" time="0.0">
    <skipped/>
  </testcase> <!-- test14 -->
  <testcase classname="Tests.AirbnbTests1" name="test15" time="0.0">
    <skipped/>
  </testcase> <!-- test15 -->
  <testcase classname="Tests.AirbnbTests1" name="test16" time="0.0">
    <skipped/>
  </testcase> <!-- test16 -->
  <testcase classname="Tests.AirbnbTests1" name="test17" time="0.0">
    <skipped/>
  </testcase> <!-- test17 -->
  <testcase classname="Tests.AirbnbTests1" name="test1" time="0.0">
    <skipped/>
  </testcase> <!-- test1 -->
  <testcase classname="Tests.AirbnbTests1" name="test19" time="0.0">
    <skipped/>
  </testcase> <!-- test19 -->
  <testcase classname="Tests.AirbnbTests1" name="test2" time="0.0">
    <skipped/>
  </testcase> <!-- test2 -->
  <testcase classname="Tests.AirbnbTests1" name="test18" time="0.0">
    <skipped/>
  </testcase> <!-- test18 -->
  <testcase classname="Tests.AirbnbTests1" name="test20" time="0.0">
    <skipped/>
  </testcase> <!-- test20 -->
  <testcase classname="Tests.AirbnbTests1" name="test11" time="0.0">
    <skipped/>
  </testcase> <!-- test11 -->
  <testcase classname="Tests.AirbnbTests1" name="test22" time="0.0">
    <skipped/>
  </testcase> <!-- test22 -->
  <testcase classname="Tests.AirbnbTests1" name="test23" time="0.0">
    <skipped/>
  </testcase> <!-- test23 -->
  <testcase classname="Tests.AirbnbTests1" name="test13" time="0.0">
    <skipped/>
  </testcase> <!-- test13 -->
  <testcase classname="Tests.AirbnbTests1" name="test10" time="0.0">
    <skipped/>
  </testcase> <!-- test10 -->
  <testcase classname="Tests.AirbnbTests1" name="test21" time="0.0">
    <skipped/>
  </testcase> <!-- test21 -->
  <testcase classname="Tests.AirbnbTests1" name="test25" time="0.0">
    <skipped/>
  </testcase> <!-- test25 -->
  <testcase classname="Tests.AirbnbTests1" name="test4" time="0.0">
    <skipped/>
  </testcase> <!-- test4 -->
  <testcase classname="Tests.AirbnbTests1" name="test7" time="0.0">
    <skipped/>
  </testcase> <!-- test7 -->
  <testcase classname="Tests.AirbnbTests1" name="test8" time="0.0">
    <skipped/>
  </testcase> <!-- test8 -->
  <testcase classname="Tests.AirbnbTests1" name="test5" time="0.0">
    <skipped/>
  </testcase> <!-- test5 -->
  <testcase classname="Tests.AirbnbTests1" name="test24" time="0.0">
    <skipped/>
  </testcase> <!-- test24 -->
  <testcase classname="Tests.AirbnbTests1" name="test3" time="0.0">
    <ignored/>
  </testcase> <!-- test3 -->
  <testcase classname="Tests.AirbnbTests1" name="test9" time="0.0">
    <ignored/>
  </testcase> <!-- test9 -->
  <testcase classname="Tests.AirbnbTests1" name="test12" time="0.0">
    <ignored/>
  </testcase> <!-- test12 -->
  <testcase classname="Tests.AirbnbTests1" name="test6" time="0.0">
    <ignored/>
  </testcase> <!-- test6 -->
</testsuite> <!-- Test1 -->
