<?xml version="1.0" encoding="UTF-8"?>
<!-- Generated by org.testng.reporters.JUnitXMLReporter -->
<testsuite ignored="1" hostname="DESKTOP-POD63J8" failures="3" tests="4" name="Test1" time="147.652" errors="0" timestamp="2020-11-13T11:18:10 IST">
  <testcase classname="Tests.AirbnbTests" name="test1" time="14.988">
    <failure type="java.lang.NullPointerException">
      <![CDATA[java.lang.NullPointerException
at reusableComponents.ExcelUtils.getDataBasedOnTCandAttribute(ExcelUtils.java:84)
at Tests.AirbnbTests.test1(AirbnbTests.java:35)
at java.base/java.util.ArrayList.forEach(ArrayList.java:1540)
at java.base/java.util.concurrent.FutureTask.run(FutureTask.java:264)
at java.base/java.util.concurrent.ThreadPoolExecutor.runWorker(ThreadPoolExecutor.java:1128)
at java.base/java.util.concurrent.ThreadPoolExecutor$Worker.run(ThreadPoolExecutor.java:628)
at java.base/java.lang.Thread.run(Thread.java:834)
... Removed 18 stack frames]]>
    </failure>
  </testcase> <!-- test1 -->
  <testcase classname="Tests.AirbnbTests" name="test1" time="67.735"/>
  <testcase classname="Tests.AirbnbTests" name="test3" time="12.544">
    <failure type="java.lang.AssertionError" message="expected [Stay in Bengaluru] but found [Stays in Bengaluru]">
      <![CDATA[java.lang.AssertionError: expected [Stay in Bengaluru] but found [Stays in Bengaluru]
at Tests.AirbnbTests.test3(AirbnbTests.java:83)
at java.base/java.util.ArrayList.forEach(ArrayList.java:1540)
at java.base/java.util.concurrent.FutureTask.run(FutureTask.java:264)
at java.base/java.util.concurrent.ThreadPoolExecutor.runWorker(ThreadPoolExecutor.java:1128)
at java.base/java.util.concurrent.ThreadPoolExecutor$Worker.run(ThreadPoolExecutor.java:628)
at java.base/java.lang.Thread.run(Thread.java:834)
... Removed 23 stack frames]]>
    </failure>
  </testcase> <!-- test3 -->
  <testcase classname="Tests.AirbnbTests" name="test3" time="9.676">
    <failure type="java.lang.AssertionError" message="expected [Stay in Bengaluru] but found [Stays in Bengaluru]">
      <![CDATA[java.lang.AssertionError: expected [Stay in Bengaluru] but found [Stays in Bengaluru]
at Tests.AirbnbTests.test3(AirbnbTests.java:83)
at java.base/java.util.ArrayList.forEach(ArrayList.java:1540)
at java.base/java.util.concurrent.FutureTask.run(FutureTask.java:264)
at java.base/java.util.concurrent.ThreadPoolExecutor.runWorker(ThreadPoolExecutor.java:1128)
at java.base/java.util.concurrent.ThreadPoolExecutor$Worker.run(ThreadPoolExecutor.java:628)
at java.base/java.lang.Thread.run(Thread.java:834)
... Removed 23 stack frames]]>
    </failure>
  </testcase> <!-- test3 -->
  <testcase classname="Tests.AirbnbTests" name="test2" time="0.0">
    <ignored/>
  </testcase> <!-- test2 -->
</testsuite> <!-- Test1 -->
